[debug] [2022-06-08T10:10:51.874Z] ----------------------------------------------------------------------
[debug] [2022-06-08T10:10:51.875Z] Command:       /usr/local/bin/node /usr/local/bin/firebase deploy
[debug] [2022-06-08T10:10:51.876Z] CLI Version:   11.0.1
[debug] [2022-06-08T10:10:51.876Z] Platform:      linux
[debug] [2022-06-08T10:10:51.876Z] Node Version:  v18.0.0
[debug] [2022-06-08T10:10:51.876Z] Time:          Wed Jun 08 2022 15:40:51 GMT+0530 (India Standard Time)
[debug] [2022-06-08T10:10:51.876Z] ----------------------------------------------------------------------
[debug] 
[debug] [2022-06-08T10:10:51.925Z] > command requires scopes: ["email","openid","https://www.googleapis.com/auth/cloudplatformprojects.readonly","https://www.googleapis.com/auth/firebase","https://www.googleapis.com/auth/cloud-platform"]
[debug] [2022-06-08T10:10:51.925Z] > authorizing via signed-in user (rigyajurco@gmail.com)
[debug] [2022-06-08T10:10:51.925Z] [iam] checking project indiandebates-d571a for permissions ["firebase.projects.get","firebasehosting.sites.update"]
[debug] [2022-06-08T10:10:51.927Z] >>> [apiv2][query] POST https://cloudresourcemanager.googleapis.com/v1/projects/indiandebates-d571a:testIamPermissions [none]
[debug] [2022-06-08T10:10:51.927Z] >>> [apiv2][body] POST https://cloudresourcemanager.googleapis.com/v1/projects/indiandebates-d571a:testIamPermissions {"permissions":["firebase.projects.get","firebasehosting.sites.update"]}
[debug] [2022-06-08T10:10:53.468Z] <<< [apiv2][status] POST https://cloudresourcemanager.googleapis.com/v1/projects/indiandebates-d571a:testIamPermissions 200
[debug] [2022-06-08T10:10:53.469Z] <<< [apiv2][body] POST https://cloudresourcemanager.googleapis.com/v1/projects/indiandebates-d571a:testIamPermissions {"permissions":["firebase.projects.get","firebasehosting.sites.update"]}
[debug] [2022-06-08T10:10:53.472Z] >>> [apiv2][query] GET https://firebase.googleapis.com/v1beta1/projects/indiandebates-d571a [none]
[debug] [2022-06-08T10:10:54.675Z] <<< [apiv2][status] GET https://firebase.googleapis.com/v1beta1/projects/indiandebates-d571a 200
[debug] [2022-06-08T10:10:54.675Z] <<< [apiv2][body] GET https://firebase.googleapis.com/v1beta1/projects/indiandebates-d571a {"projectId":"indiandebates-d571a","projectNumber":"56111647905","displayName":"indiandebates","name":"projects/indiandebates-d571a","resources":{"hostingSite":"indiandebates-d571a","realtimeDatabaseInstance":"indiandebates-d571a-default-rtdb","storageBucket":"indiandebates-d571a.appspot.com","locationId":"asia-southeast1"},"state":"ACTIVE"}
[info] 
[info] === Deploying to 'indiandebates-d571a'...
[info] 
[info] i  deploying hosting 
[debug] [2022-06-08T10:10:54.684Z] >>> [apiv2][query] GET https://firebase.googleapis.com/v1beta1/projects/indiandebates-d571a [none]
[debug] [2022-06-08T10:10:55.999Z] <<< [apiv2][status] GET https://firebase.googleapis.com/v1beta1/projects/indiandebates-d571a 200
[debug] [2022-06-08T10:10:56.000Z] <<< [apiv2][body] GET https://firebase.googleapis.com/v1beta1/projects/indiandebates-d571a {"projectId":"indiandebates-d571a","projectNumber":"56111647905","displayName":"indiandebates","name":"projects/indiandebates-d571a","resources":{"hostingSite":"indiandebates-d571a","realtimeDatabaseInstance":"indiandebates-d571a-default-rtdb","storageBucket":"indiandebates-d571a.appspot.com","locationId":"asia-southeast1"},"state":"ACTIVE"}
[debug] [2022-06-08T10:10:56.002Z] >>> [apiv2][query] POST https://firebasehosting.googleapis.com/v1beta1/projects/56111647905/sites/indiandebates-d571a/versions [none]
[debug] [2022-06-08T10:10:56.002Z] >>> [apiv2][body] POST https://firebasehosting.googleapis.com/v1beta1/projects/56111647905/sites/indiandebates-d571a/versions {"config":{"rewrites":[{"glob":"**","path":"/index.html"}]},"labels":{"deployment-tool":"cli-firebase"}}
[debug] [2022-06-08T10:10:57.945Z] <<< [apiv2][status] POST https://firebasehosting.googleapis.com/v1beta1/projects/56111647905/sites/indiandebates-d571a/versions 200
[debug] [2022-06-08T10:10:57.946Z] <<< [apiv2][body] POST https://firebasehosting.googleapis.com/v1beta1/projects/56111647905/sites/indiandebates-d571a/versions {"name":"projects/56111647905/sites/indiandebates-d571a/versions/2a167feff5b5119b","status":"CREATED","config":{"rewrites":[{"glob":"**","path":"/index.html"}]},"labels":{"deployment-tool":"cli-firebase"}}
[info] i  hosting[indiandebates-d571a]: beginning deploy... 
[info] i  hosting[indiandebates-d571a]: found 51 files in dist/xui 
[debug] [2022-06-08T10:10:57.966Z] [hosting] uploading with 200 concurrency
[debug] [2022-06-08T10:10:58.238Z] [hosting] hash cache [ZGlzdC94dWk] stored for 51 files
[debug] [2022-06-08T10:10:58.238Z] [hosting][hash queue][FINAL] {"max":259,"min":8,"avg":32.333333333333336,"active":0,"complete":51,"success":51,"errored":0,"retried":0,"total":51,"elapsed":270}
[debug] [2022-06-08T10:10:58.238Z] >>> [apiv2][query] POST https://firebasehosting.googleapis.com/v1beta1/projects/56111647905/sites/indiandebates-d571a/versions/2a167feff5b5119b:populateFiles [none]
[debug] [2022-06-08T10:10:58.239Z] >>> [apiv2][body] POST https://firebasehosting.googleapis.com/v1beta1/projects/56111647905/sites/indiandebates-d571a/versions/2a167feff5b5119b:populateFiles {"files":{"/3rdpartylicenses.txt":"4ac1e63355e34a8adaa365c7aeb80c69f0ec9a6eb52fea6e2fb1d81ff1810451","/573.e949b9e5658768c4a610.js":"b7a14a9636015745ea3fbe97d14a83581927fa6056b6ddf917a03ec703a11fab","/621.176f6d5242ec6090b752.js":"1343bc7dd2168ebdc031a21a1a01f2219c1dc938bf2b4ae18822e592afde51fc","/811.ac64f20316c0f76a45a0.js":"61f384a93165cd52033d95e5ac5cbfe0dfbc8767e3229662b1352fb00bc805ef","/871.8cf171200aa1febcbc9f.js":"7ae20224a0a31dfed2beeb567f539ba97c67f0389e7fa263f523139e566a16b2","/253.ef8689024dd18ba0921b.js":"a18d96b9a6187b9a2dd7cb1b22aa90d92e662874e53b3c3690693765a9927a61","/favicon.ico":"e6405ff2ce3b7fb3b1e7409f2ad7d7dc5013462aa2a4b6a8bb72af01c1ca1735","/manifest.webmanifest":"80ca3b439d34f02b31c918dfe2abf0dd16259ca64bb91a8f0231c73bb51f19c9","/index.html":"3abdcea3dd4420bd8ddf3c2632e3a5e6ba1da81365b7e7a48e53ccb93b2b1207","/runtime.482634048aae99dd1691.js":"aea540b0315db7f751e46dc544821e7a500e3653a70a2c613be5eeb102cec14a","/ngsw.json":"7264a581af5cc8eed9f82ebe3ffbf66eb3037629c8f6e101b5ca084d2ebf82bf","/safety-worker.js":"288dc60f516ea1b07726fb346c28f079c2958980147a397887c0e3f68bc225e9","/576.13af671014739dad40b5.js":"9460af733b16c0d601e7e82f5abbf10dbea68aa40e45072ccd872b7c7e7773b6","/whole-fish.93bcbe677c2c87ba59e5.png":"0cae240aa446aec52e87eb4188c7ee9b48c99af5f4fe7222068dc77e410941fb","/worker-basic.min.js":"288dc60f516ea1b07726fb346c28f079c2958980147a397887c0e3f68bc225e9","/polyfills.a8f15218fd9d705fcaba.js":"cef7c5fe7bb6dcd1167fddb61f0f8186d561dbc106309436158316857e8d93de","/assets/back.svg":"7b5382601999f4f7045e0995eb296bdc8c87989b6e0dfb24f4ace94d5b03d0a4","/assets/expand.svg":"a76ce0a6f2545021cf7e1df71767a72434910d7cf3bc6bd527a05613a3d22c36","/assets/favicon-32x32.png":"4eff2022d1c835154d7415e0edfa9dbb62f1277e945d77b8974633d18b768c77","/assets/apple-touch-icon.png":"06baa4c181242278c5bc602467bb629090c1b3f4b251c99859c6f494c30abe01","/assets/fur-boot-green.svg":"114ddbb841544a66249af94ff95abf795752be0dfbef7b55b70aa02388af7c63","/assets/icon-72x72.png":"a8b002773c679705f5eaee6b9e40e23830ff611be40457f0c3bbb6bdeefa887f","/assets/logo.webp":"8f584734b0782d82fb52f054144d2d973ee6690e632266983ab12b6036d09032","/assets/safari-pinned-tab.svg":"01540c872c59f040cdef445a67f2d18e02d8007e03d916ef06cf3c2da534c536","/assets/share.svg":"8bc835fb818b366d39b6283cd9fd652840ca401f860d5ad9bc4439e5607f93ec","/assets/unexpand.svg":"1d4229b236f4821c10fd5890334a207700d08836a084c7cbc2170914d0e4ad34","/assets/whole-fish.png":"0cae240aa446aec52e87eb4188c7ee9b48c99af5f4fe7222068dc77e410941fb","/assets/i18n/en.json":"7ddd18064fe0b2f36e7d1b7e8c01cd2e537dda03dd809a2043960ae20f3ceb94","/assets/i18n/hindi.json":"c509eb867981f97ee5b5284d5f8b1af8e517b3fb2ed5638bb52d7c6a54e2f890","/assets/i18n/kannada.json":"b69572ac94765f9cb7a632d3b33434862a6ab5b472909a05988980939dc4476b","/assets/i18n/telugu.json":"a0406396c089126e8a5f0150af558ab7b5559e3547c98373ab87acae0e99c97c","/assets/icons/icon-128x128.png":"9383deaaf0367604045fa24cddc3e4af5100edea6456d2a3b386e026cdc37bd7","/assets/icons/brand.svg":"ea38aaa3695527de6352c4cab77ed1b7e0325df1151cf6c3556712d68393b450","/assets/icons/icon-144x144.png":"58210cb1519151a224a3b1661453ce8cc854dc3f5d555935b0eebd8d09e972b7","/assets/icons/icon-152x152.png":"96c7948119dc4bad59f77551a7034b05cf77fb0faf7b652282b136cd2d7323d6","/assets/icons/icon-192x192.png":"1325ccc5f3942574427b6deeccd21adf6dbf0401aa322dd773da3973d5f11bed","/assets/icons/icon-384x384.png":"7f3a3d434fc28a6eeaa4528cb386d70f43212f96f685721e40c621704486ecb1","/assets/icons/icon-72x72.png":"bb57e2f17b24f708cb44dc9f33478a2f1c72ed772eab00f552de97df863d3e98","/assets/icons/icon-512x512.png":"0d63b9844a642c66db2befc1af125aa1381d9b938611defaf1b8006fac1e0292","/assets/icons/icon-96x96.png":"1b57c2c67699bf4d6334e78f6fcdee30308a3c7533a2a03e41051530227491dc","/assets/icons/jira.svg":"f086ef4e421422a72589f81bc5ac85ba174f76f4bbd0f671233894dee172781a","/assets/icons/spotify.svg":"cdbe8a45e388add9f1a688f9d9eb36772398875faf7cb9047d07fdff3f7f85e4","/assets/img/bird-cells-new.svg":"13d9ddea02b9a65e59142e6e123b1a0a4e36ffd6c6d92eb6ce6fc637b2e15cfe","/assets/img/load.svg":"d8826a4e195db703d7060d35d7780fa0c11c95d4a940f53bb9f126d04c61ed4d","/assets/img/play-button-svgrepo-com.svg":"0b0e6054614fa796050b5462ef63e4d1bf2e4c8b0297cdd8d2bad1afa14c117b","/assets/skulls.png":"60cf5b46732ff93e180ff4cfb23f6d02d24c3f5f2d227f196039e7499578d39c","/ngsw-worker.js":"966877c7959653a3c666aebd25cf1f03c1a633446376fc226f8bbebf45f6a7f0","/assets/sample.png":"bb3a3414aeaba280ca7f4ad73f747d9d3285def04ed6ac723e8d1e0bc12f1ac8","/styles.d15dc8c60fec821d9dd4.css":"0e27dae53831199681c2c1dc254e160552f0d7850aaad6fbad119093686e6d76","/main.495bbf62a973f8757dc0.js":"80c595b8748b0c7ed0b896b3d01fedecd17fee665a5488e812677bb4027e62d2","/assets/img/landing-background.jpeg":"4d681daeaa8b4c3aa246733024a711c2757306668128ab84e7e72545463d95f9"}}
[debug] [2022-06-08T10:10:59.846Z] <<< [apiv2][status] POST https://firebasehosting.googleapis.com/v1beta1/projects/56111647905/sites/indiandebates-d571a/versions/2a167feff5b5119b:populateFiles 200
[debug] [2022-06-08T10:10:59.847Z] <<< [apiv2][body] POST https://firebasehosting.googleapis.com/v1beta1/projects/56111647905/sites/indiandebates-d571a/versions/2a167feff5b5119b:populateFiles {"uploadRequiredHashes":["3abdcea3dd4420bd8ddf3c2632e3a5e6ba1da81365b7e7a48e53ccb93b2b1207","7264a581af5cc8eed9f82ebe3ffbf66eb3037629c8f6e101b5ca084d2ebf82bf"],"uploadUrl":"https://upload-firebasehosting.googleapis.com/upload/sites/indiandebates-d571a/versions/2a167feff5b5119b/files"}
[debug] [2022-06-08T10:10:59.850Z] >>> [apiv2][query] POST https://upload-firebasehosting.googleapis.com/upload/sites/indiandebates-d571a/versions/2a167feff5b5119b/files/3abdcea3dd4420bd8ddf3c2632e3a5e6ba1da81365b7e7a48e53ccb93b2b1207 [none]
[debug] [2022-06-08T10:10:59.850Z] >>> [apiv2][body] POST https://upload-firebasehosting.googleapis.com/upload/sites/indiandebates-d571a/versions/2a167feff5b5119b/files/3abdcea3dd4420bd8ddf3c2632e3a5e6ba1da81365b7e7a48e53ccb93b2b1207 [stream]
[debug] [2022-06-08T10:10:59.871Z] >>> [apiv2][query] POST https://upload-firebasehosting.googleapis.com/upload/sites/indiandebates-d571a/versions/2a167feff5b5119b/files/7264a581af5cc8eed9f82ebe3ffbf66eb3037629c8f6e101b5ca084d2ebf82bf [none]
[debug] [2022-06-08T10:10:59.871Z] >>> [apiv2][body] POST https://upload-firebasehosting.googleapis.com/upload/sites/indiandebates-d571a/versions/2a167feff5b5119b/files/7264a581af5cc8eed9f82ebe3ffbf66eb3037629c8f6e101b5ca084d2ebf82bf [stream]
[debug] [2022-06-08T10:10:59.889Z] [hosting][populate queue][FINAL] {"max":1613,"min":1613,"avg":1613,"active":0,"complete":1,"success":1,"errored":0,"retried":0,"total":1,"elapsed":1652}
[debug] [2022-06-08T10:10:59.889Z] [hosting] uploads queued: 2
